<?xml version="1.0" encoding="UTF-8"?>
<!-- Generated by org.testng.reporters.JUnitXMLReporter -->
<testsuite hostname="FIRATs-MPro-Retina.local" ignored="0" name="Default test" tests="5" failures="0"
           timestamp="2020-09-13T21:55:38 EDT" time="15.992" errors="0">
    <testcase name="verifyPageTitle" time="0.022" classname="com.frt.hotels.com.tests.HomePageTest"/>
    <testcase name="destinationSelect" time="2.586" classname="com.frt.hotels.com.tests.HomePageTest"/>
    <testcase name="selectDates" time="4.326" classname="com.frt.hotels.com.tests.HomePageTest"/>
    <testcase name="adultSelect" time="0.067" classname="com.frt.hotels.com.tests.HomePageTest"/>
    <testcase name="childrenSelect" time="2.489" classname="com.frt.hotels.com.tests.HomePageTest"/>
</testsuite> <!-- Default test -->
